<?xml version="1.0" encoding="UTF-8"?>
<!-- Generated by org.testng.reporters.JUnitReportReporter -->
<testsuite hostname="Dell" failures="0" tests="1" name="testng.Registerdemowebshop" time="15.627" errors="0" timestamp="2022-03-28T09:11:59 IST" skipped="0">
  <testcase classname="testng.Registerdemowebshop" name="register" time="15.627"/>
  <system-out/>
</testsuite> <!-- testng.Registerdemowebshop -->
