<?xml version="1.0" encoding="UTF-8"?>
<!-- Generated by org.testng.reporters.JUnitReportReporter -->
<testsuite hostname="Dell" failures="0" tests="1" name="testng.Test1" time="8.928" errors="0" timestamp="2022-03-28T09:19:01 IST" skipped="0">
  <testcase classname="testng.Test1" name="searchbooks" time="8.928"/>
  <system-out/>
</testsuite> <!-- testng.Test1 -->
