<?xml version="1.0" encoding="UTF-8"?>
<!-- Generated by org.testng.reporters.JUnitReportReporter -->
<testsuite hostname="Dell" failures="0" tests="2" name="dataprovider.Data1" time="0.022" errors="0" timestamp="2022-03-29T08:50:06 IST" skipped="0">
  <testcase classname="dataprovider.Data1" name="test" time="0.006"/>
  <system-out/>
  <testcase classname="dataprovider.Data1" name="test" time="0.016"/>
  <system-out/>
</testsuite> <!-- dataprovider.Data1 -->
